<?xml version="1.0" encoding="UTF-8"?>
<testsuite xmlns:xsi="http://www.w3.org/2001/XMLSchema-instance" xsi:noNamespaceSchemaLocation="https://maven.apache.org/surefire/maven-surefire-plugin/xsd/surefire-test-report-3.0.xsd" version="3.0" name="com.alkemy.testing.ClientesApiTest" time="8.629" tests="3" errors="0" skipped="0" failures="0">
  <properties>
[...]
</properties>
  <testcase name="alCrearUnRecursoConDatosValidos_deberiaDevolver201YElRecursoCreado" classname="com.alkemy.testing.ClientesApiTest" time="6.594">
    <system-out><![CDATA[Request method:	POST
Request URI:	https://jsonplaceholder.typicode.com/posts
Proxy:			<none>
Request params:	<none>
Query params:	<none>
Form params:	<none>
Path params:	<none>
Headers:		Accept=*/*
				Content-Type=application/json
Cookies:		<none>
Multiparts:		<none>
Body:
{
    "title": "Mi post de prueba",
    "body": "Este es el contenido del post.",
    "userId": 1
}
HTTP/1.1 201 Created
Date: Mon, 25 Aug 2025 22:40:08 GMT
Content-Type: application/json; charset=utf-8
Content-Length: 106
Connection: keep-alive
Access-Control-Allow-Credentials: true
Access-Control-Expose-Headers: Location
Cache-Control: no-cache
Etag: W/"6a-KLY5cFyMdOkqmaRC/IX5KBvfx48"
Expires: -1
Location: https://jsonplaceholder.typicode.com/posts/101
Nel: {"report_to":"heroku-nel","response_headers":["Via"],"max_age":3600,"success_fraction":0.01,"failure_fraction":0.1}
Pragma: no-cache
Report-To: {"group":"heroku-nel","endpoints":[{"url":"https://nel.heroku.com/reports?s=u%2FWwJfHNXaJjV2g0KlY3BsAaF7gh9sVCHBF4vXwNrKU%3D\u0026sid=e11707d5-02a7-43ef-b45e-2cf4d2036f7d\u0026ts=1756161608"}],"max_age":3600}
Reporting-Endpoints: heroku-nel="https://nel.heroku.com/reports?s=u%2FWwJfHNXaJjV2g0KlY3BsAaF7gh9sVCHBF4vXwNrKU%3D&sid=e11707d5-02a7-43ef-b45e-2cf4d2036f7d&ts=1756161608"
Server: cloudflare
Vary: Origin, X-HTTP-Method-Override, Accept-Encoding
Via: 2.0 heroku-router
X-Content-Type-Options: nosniff
X-Powered-By: Express
X-Ratelimit-Limit: 1000
X-Ratelimit-Remaining: 999
X-Ratelimit-Reset: 1756161657
Cf-Cache-Status: DYNAMIC
CF-RAY: 974e96e6781e3f3a-EZE
alt-svc: h3=":443"; ma=86400

{
    "title": "Mi post de prueba",
    "body": "Este es el contenido del post.",
    "userId": 1,
    "id": 101
}
]]></system-out>
  </testcase>
  <testcase name="alConsultarUnClienteExistente_deberiaDevolver200YLosDatosCorrectos" classname="com.alkemy.testing.ClientesApiTest" time="0.422">
    <system-out><![CDATA[Request method:	GET
Request URI:	https://jsonplaceholder.typicode.com/posts/1
Proxy:			<none>
Request params:	<none>
Query params:	<none>
Form params:	<none>
Path params:	id=1
Headers:		Accept=*/*
Cookies:		<none>
Multiparts:		<none>
Body:			<none>
HTTP/1.1 200 OK
Date: Mon, 25 Aug 2025 22:40:11 GMT
Content-Type: application/json; charset=utf-8
Transfer-Encoding: chunked
Connection: keep-alive
Access-Control-Allow-Credentials: true
Cache-Control: max-age=43200
Etag: W/"124-yiKdLzqO5gfBrJFrcdJ8Yq0LGnU"
Expires: -1
Nel: {"report_to":"heroku-nel","response_headers":["Via"],"max_age":3600,"success_fraction":0.01,"failure_fraction":0.1}
Pragma: no-cache
Report-To: {"group":"heroku-nel","endpoints":[{"url":"https://nel.heroku.com/reports?s=3ig47BLk4aWJ8v22zg2M17sbo1vj3uV1ZqjkVvzqABE%3D\u0026sid=e11707d5-02a7-43ef-b45e-2cf4d2036f7d\u0026ts=1754033457"}],"max_age":3600}
Reporting-Endpoints: heroku-nel="https://nel.heroku.com/reports?s=3ig47BLk4aWJ8v22zg2M17sbo1vj3uV1ZqjkVvzqABE%3D&sid=e11707d5-02a7-43ef-b45e-2cf4d2036f7d&ts=1754033457"
Server: cloudflare
Vary: Origin, Accept-Encoding
Via: 2.0 heroku-router
X-Content-Type-Options: nosniff
X-Powered-By: Express
X-Ratelimit-Limit: 1000
X-Ratelimit-Remaining: 999
X-Ratelimit-Reset: 1754033466
Age: 1750
Cf-Cache-Status: HIT
Content-Encoding: gzip
CF-RAY: 974e96f66d001f0d-EZE
alt-svc: h3=":443"; ma=86400

{
    "userId": 1,
    "id": 1,
    "title": "sunt aut facere repellat provident occaecati excepturi optio reprehenderit",
    "body": "quia et suscipit\nsuscipit recusandae consequuntur expedita et cum\nreprehenderit molestiae ut ut quas totam\nnostrum rerum est autem sunt rem eveniet architecto"
}
]]></system-out>
  </testcase>
  <testcase name="alEliminarUnClienteExistente_deberiaDevolver200" classname="com.alkemy.testing.ClientesApiTest" time="0.41">
    <system-out><![CDATA[Request method:	DELETE
Request URI:	https://jsonplaceholder.typicode.com/posts/1
Proxy:			<none>
Request params:	<none>
Query params:	<none>
Form params:	<none>
Path params:	id=1
Headers:		Accept=*/*
Cookies:		<none>
Multiparts:		<none>
Body:			<none>
HTTP/1.1 200 OK
Date: Mon, 25 Aug 2025 22:40:11 GMT
Content-Type: application/json; charset=utf-8
Transfer-Encoding: chunked
Connection: keep-alive
Access-Control-Allow-Credentials: true
Cache-Control: no-cache
Etag: W/"2-vyGp6PvFo4RvsFtPoIWeCReyIC8"
Expires: -1
Nel: {"report_to":"heroku-nel","response_headers":["Via"],"max_age":3600,"success_fraction":0.01,"failure_fraction":0.1}
Pragma: no-cache
Report-To: {"group":"heroku-nel","endpoints":[{"url":"https://nel.heroku.com/reports?s=sqFEU4pV5aSlSLU61IJBSt7SEQLJHSYfdNj8BqG%2Fpc8%3D\u0026sid=e11707d5-02a7-43ef-b45e-2cf4d2036f7d\u0026ts=1756161611"}],"max_age":3600}
Reporting-Endpoints: heroku-nel="https://nel.heroku.com/reports?s=sqFEU4pV5aSlSLU61IJBSt7SEQLJHSYfdNj8BqG%2Fpc8%3D&sid=e11707d5-02a7-43ef-b45e-2cf4d2036f7d&ts=1756161611"
Server: cloudflare
Vary: Origin, Accept-Encoding
Via: 2.0 heroku-router
X-Content-Type-Options: nosniff
X-Powered-By: Express
X-Ratelimit-Limit: 1000
X-Ratelimit-Remaining: 998
X-Ratelimit-Reset: 1756161657
Cf-Cache-Status: DYNAMIC
Content-Encoding: gzip
CF-RAY: 974e96f85c4f9d5e-EZE
alt-svc: h3=":443"; ma=86400

{
    
}
]]></system-out>
  </testcase>
</testsuite>